POST /api/v1/user/register 400 42 - 24.386 ms
POST /api/v1/user/login 200 222 - 144.354 ms
GET /api/v1/user/list?userId=673b9d864d632e6836eac659 403 54 - 20.174 ms
GET /api/v1/user/list?userId=673e15380ce10815165584a2 200 392 - 18.867 ms
OPTIONS /api/v1/user/list?userId=673e15380ce10815165584a2 200 0 - 0.798 ms
OPTIONS /api/v1/user/list?userId=673e15380ce10815165584a2 200 0 - 0.283 ms
GET /api/v1/user/list?userId=673e15380ce10815165584a2 200 392 - 13.219 ms
GET /api/v1/user/list?userId=673e15380ce10815165584a2 304 - - 14.403 ms
OPTIONS /api/v1/user/list?userId=673e15380ce10815165584a2 200 0 - 0.198 ms
GET /api/v1/user/list?userId=673e15380ce10815165584a2 304 - - 17.773 ms
OPTIONS /api/v1/user/list?userId=673e15380ce10815165584a2 200 0 - 0.137 ms
GET /api/v1/user/list?userId=673e15380ce10815165584a2 304 - - 19.087 ms
GET /api/v1/user/list?userId=673e15380ce10815165584a2 304 - - 19.926 ms
OPTIONS /api/v1/user/list?userId=673e15380ce10815165584a2 200 0 - 0.264 ms
GET /api/v1/user/list?userId=673e15380ce10815165584a2 304 - - 13.016 ms
GET /api/v1/user/list?userId=673e15380ce10815165584a2 304 - - 41.739 ms
GET /api/v1/user/list?userId=673e15380ce10815165584a2 304 - - 25.897 ms
OPTIONS /api/v1/user/list?userId=673e15380ce10815165584a2 200 0 - 0.255 ms
GET /api/v1/user/list?userId=673e15380ce10815165584a2 304 - - 42.375 ms
GET /api/v1/user/list?userId=673e15380ce10815165584a2 304 - - 37.667 ms
GET /api/v1/user/list?userId=673e15380ce10815165584a2 304 - - 23.829 ms
GET /api/v1/user/list?userId=673e15380ce10815165584a2 304 - - 23.339 ms
OPTIONS /api/v1/user/list?userId=673e15380ce10815165584a2 200 0 - 0.289 ms
GET /api/v1/user/list?userId=673e15380ce10815165584a2 304 - - 12.860 ms
GET /api/v1/user/list?userId=673e15380ce10815165584a2 304 - - 24.097 ms
GET /api/v1/user/list?userId=673e15380ce10815165584a2 304 - - 17.774 ms
GET /api/v1/user/list?userId=673e15380ce10815165584a2 304 - - 24.882 ms
GET /api/v1/user/list?userId=673e15380ce10815165584a2 304 - - 20.998 ms
OPTIONS /api/v1/user/list?userId=673e15380ce10815165584a2 200 0 - 0.255 ms
GET /api/v1/user/list?userId=673e15380ce10815165584a2 304 - - 12.042 ms
GET /api/v1/user/list?userId=673e15380ce10815165584a2 304 - - 25.084 ms
GET /api/v1/user/list?userId=673e15380ce10815165584a2 304 - - 27.505 ms
OPTIONS /api/v1/user/list?userId=673e15380ce10815165584a2 200 0 - 0.235 ms
GET /api/v1/user/list?userId=673e15380ce10815165584a2 304 - - 24.265 ms
GET /api/v1/user/list?userId=673e15380ce10815165584a2 304 - - 15.181 ms
GET /api/v1/user/list?userId=673e15380ce10815165584a2 304 - - 6.758 ms
GET /api/v1/user/list?userId=673e15380ce10815165584a2 304 - - 9.872 ms
GET /api/v1/user/list?userId=673e15380ce10815165584a2 304 - - 8.722 ms
OPTIONS /api/v1/user/list?userId=673e15380ce10815165584a2 200 0 - 0.294 ms
OPTIONS /api/v1/user/list?userId=673e15380ce10815165584a2 200 0 - 0.208 ms
GET /api/v1/user/list?userId=673e15380ce10815165584a2 304 - - 10.084 ms
GET /api/v1/user/list?userId=673e15380ce10815165584a2 304 - - 16.590 ms
GET /api/v1/user/list?userId=673e15380ce10815165584a2 304 - - 27.669 ms
GET /api/v1/user/list?userId=673e15380ce10815165584a2 304 - - 8.663 ms
GET /api/v1/user/list?userId=673e15380ce10815165584a2 304 - - 18.334 ms
GET /api/v1/user/list?userId=673e15380ce10815165584a2 304 - - 27.825 ms
OPTIONS /api/v1/user/list?userId=673e15380ce10815165584a2 200 0 - 0.223 ms
OPTIONS /api/v1/user/list?userId=673e15380ce10815165584a2 200 0 - 0.129 ms
GET /api/v1/user/list?userId=673e15380ce10815165584a2 304 - - 15.661 ms
GET /api/v1/user/list?userId=673e15380ce10815165584a2 304 - - 22.871 ms
OPTIONS /api/v1/user/list?userId=673e15380ce10815165584a2 200 0 - 3.690 ms
OPTIONS /api/v1/user/list?userId=673e15380ce10815165584a2 200 0 - 0.175 ms
GET /api/v1/user/list?userId=673e15380ce10815165584a2 304 - - 100.183 ms
GET /api/v1/user/list?userId=673e15380ce10815165584a2 304 - - 30.682 ms
OPTIONS /api/v1/user/list?userId=673e15380ce10815165584a2 200 0 - 0.240 ms
GET /api/v1/user/list?userId=673e15380ce10815165584a2 304 - - 50.906 ms
GET /api/v1/user/list?userId=673e15380ce10815165584a2 304 - - 42.542 ms
GET /api/v1/user/list?userId=673e15380ce10815165584a2 304 - - 16.370 ms
GET /api/v1/user/list?userId=673e15380ce10815165584a2 304 - - 26.096 ms
GET /api/v1/user/list?userId=673e15380ce10815165584a2 304 - - 14.455 ms
GET /api/v1/user/list?userId=673e15380ce10815165584a2 304 - - 21.070 ms
OPTIONS /api/v1/user/list?userId=673e15380ce10815165584a2 200 0 - 1.362 ms
OPTIONS /api/v1/user/list?userId=673e15380ce10815165584a2 200 0 - 0.183 ms
GET /api/v1/user/list?userId=673e15380ce10815165584a2 304 - - 10.342 ms
GET /api/v1/user/list?userId=673e15380ce10815165584a2 304 - - 24.669 ms
GET /api/v1/user/list?userId=673e15380ce10815165584a2 304 - - 7.060 ms
GET /api/v1/user/list?userId=673e15380ce10815165584a2 304 - - 10.457 ms
OPTIONS /api/v1/user/list?userId=673e15380ce10815165584a2 200 0 - 0.188 ms
OPTIONS /api/v1/user/list?userId=673e15380ce10815165584a2 200 0 - 0.213 ms
GET /api/v1/user/list?userId=673e15380ce10815165584a2 304 - - 15.741 ms
GET /api/v1/user/list?userId=673e15380ce10815165584a2 304 - - 21.186 ms
OPTIONS /api/v1/user/list?userId=673e15380ce10815165584a2 200 0 - 0.178 ms
GET /api/v1/user/list?userId=673e15380ce10815165584a2 304 - - 11.601 ms
GET /api/v1/user/list?userId=673e15380ce10815165584a2 304 - - 13.188 ms
GET /api/v1/user/list?userId=673e15380ce10815165584a2 304 - - 14.897 ms
OPTIONS /api/v1/user/list?userId=673e15380ce10815165584a2 200 0 - 0.147 ms
GET /api/v1/user/list?userId=673e15380ce10815165584a2 304 - - 6.581 ms
OPTIONS /api/v1/user/list?userId=673e15380ce10815165584a2 200 0 - 0.141 ms
GET /api/v1/user/list?userId=673e15380ce10815165584a2 304 - - 6.973 ms
GET /api/v1/user/list?userId=673e15380ce10815165584a2 304 - - 5.776 ms
GET /api/v1/user/list?userId=673e15380ce10815165584a2 304 - - 5.336 ms
OPTIONS /api/v1/user/list?userId=673e15380ce10815165584a2 200 0 - 0.245 ms
GET /api/v1/user/list?userId=673e15380ce10815165584a2 304 - - 29.964 ms
GET /api/v1/user/list?userId=673e15380ce10815165584a2 304 - - 23.805 ms
OPTIONS /api/v1/user/list?userId=673e15380ce10815165584a2 200 0 - 0.131 ms
GET /api/v1/user/list?userId=673e15380ce10815165584a2 304 - - 10.294 ms
GET /api/v1/user/list?userId=673e15380ce10815165584a2 304 - - 11.373 ms
GET /api/v1/user/list?userId=673e15380ce10815165584a2 304 - - 15.308 ms
OPTIONS /api/v1/user/list?userId=673e15380ce10815165584a2 200 0 - 0.227 ms
GET /api/v1/user/list?userId=673e15380ce10815165584a2 304 - - 7.140 ms
GET /api/v1/user/list?userId=673e15380ce10815165584a2 304 - - 10.661 ms
GET /api/v1/user/list?userId=673e15380ce10815165584a2 304 - - 18.085 ms
GET /api/v1/user/list?userId=673e15380ce10815165584a2 304 - - 6.498 ms
OPTIONS /api/v1/user/list?userId=673e15380ce10815165584a2 200 0 - 0.139 ms
GET /api/v1/user/list?userId=673e15380ce10815165584a2 304 - - 13.764 ms
OPTIONS /api/v1/user/list?userId=673e15380ce10815165584a2 200 0 - 0.234 ms
OPTIONS /api/v1/user/list?userId=673e15380ce10815165584a2 200 0 - 0.195 ms
GET /api/v1/user/list?userId=673e15380ce10815165584a2 304 - - 29.029 ms
GET /api/v1/user/list?userId=673e15380ce10815165584a2 304 - - 18.818 ms
OPTIONS /api/v1/user/list?userId=673e15380ce10815165584a2 200 0 - 0.137 ms
GET /api/v1/user/list?userId=673e15380ce10815165584a2 304 - - 5.683 ms
GET /api/v1/user/list?userId=673e15380ce10815165584a2 304 - - 12.449 ms
GET /api/v1/user/list?userId=673e15380ce10815165584a2 304 - - 11.225 ms
OPTIONS /api/v1/user/list?userId=673e15380ce10815165584a2 200 0 - 0.111 ms
OPTIONS /api/v1/user/list?userId=673e15380ce10815165584a2 200 0 - 0.120 ms
GET /api/v1/user/list?userId=673e15380ce10815165584a2 304 - - 8.957 ms
GET /api/v1/user/list?userId=673e15380ce10815165584a2 304 - - 9.549 ms
OPTIONS /api/v1/user/list?userId=673e15380ce10815165584a2 200 0 - 0.153 ms
GET /api/v1/user/list?userId=673e15380ce10815165584a2 304 - - 28.011 ms
GET /api/v1/user/list?userId=673e15380ce10815165584a2 304 - - 14.812 ms
OPTIONS /api/v1/user/list?userId=673e15380ce10815165584a2 200 0 - 0.127 ms
OPTIONS /api/v1/user/list?userId=673e15380ce10815165584a2 200 0 - 0.147 ms
GET /api/v1/user/list?userId=673e15380ce10815165584a2 304 - - 8.826 ms
GET /api/v1/user/list?userId=673e15380ce10815165584a2 304 - - 10.987 ms
OPTIONS /api/v1/user/list?userId=673e15380ce10815165584a2 200 0 - 0.194 ms
GET /api/v1/user/list?userId=673e15380ce10815165584a2 304 - - 23.552 ms
GET /api/v1/user/list?userId=673e15380ce10815165584a2 304 - - 9.726 ms
GET /api/v1/user/list?userId=673e15380ce10815165584a2 304 - - 15.308 ms
OPTIONS /api/v1/user/list?userId=673e15380ce10815165584a2 200 0 - 0.117 ms
GET /api/v1/user/list?userId=673e15380ce10815165584a2 304 - - 22.608 ms
GET /api/v1/user/list?userId=673e15380ce10815165584a2 304 - - 8.078 ms
OPTIONS /api/v1/user/list?userId=673e15380ce10815165584a2 200 0 - 0.147 ms
GET /api/v1/user/list?userId=673e15380ce10815165584a2 304 - - 18.961 ms
GET /api/v1/user/list?userId=673e15380ce10815165584a2 304 - - 9.785 ms
OPTIONS /api/v1/user/list?userId=673e15380ce10815165584a2 200 0 - 0.194 ms
OPTIONS /api/v1/user/list?userId=673e15380ce10815165584a2 200 0 - 0.138 ms
GET /api/v1/user/list?userId=673e15380ce10815165584a2 304 - - 15.376 ms
GET /api/v1/user/list?userId=673e15380ce10815165584a2 304 - - 12.291 ms
GET /api/v1/user/list?userId=673e15380ce10815165584a2 304 - - 10.133 ms
GET /api/v1/user/list?userId=673e15380ce10815165584a2 304 - - 12.481 ms
OPTIONS /api/v1/user/list?userId=673e15380ce10815165584a2 200 0 - 0.137 ms
GET /api/v1/user/list?userId=673e15380ce10815165584a2 304 - - 18.653 ms
GET /api/v1/user/list?userId=673e15380ce10815165584a2 304 - - 11.628 ms
OPTIONS /api/v1/user/list?userId=673e15380ce10815165584a2 200 0 - 0.125 ms
GET /api/v1/user/list?userId=673e15380ce10815165584a2 304 - - 8.040 ms
OPTIONS /api/v1/user/list?userId=673e15380ce10815165584a2 200 0 - 0.197 ms
GET /api/v1/user/list?userId=673e15380ce10815165584a2 304 - - 17.775 ms
GET /api/v1/user/list?userId=673e15380ce10815165584a2 304 - - 13.517 ms
GET /api/v1/user/list?userId=673e15380ce10815165584a2 304 - - 8.080 ms
OPTIONS /api/v1/user/list?userId=673e15380ce10815165584a2 200 0 - 0.411 ms
GET /api/v1/user/list?userId=673e15380ce10815165584a2 304 - - 27.034 ms
GET /api/v1/user/list?userId=673e15380ce10815165584a2 304 - - 5.502 ms
OPTIONS /api/v1/user/list?userId=673e15380ce10815165584a2 200 0 - 0.129 ms
GET /api/v1/user/list?userId=673e15380ce10815165584a2 304 - - 14.459 ms
GET /api/v1/user/list?userId=673e15380ce10815165584a2 304 - - 10.748 ms
OPTIONS /api/v1/user/list?userId=673e15380ce10815165584a2 200 0 - 0.328 ms
OPTIONS /api/v1/user/list?userId=673e15380ce10815165584a2 200 0 - 0.146 ms
GET /api/v1/user/list?userId=673e15380ce10815165584a2 304 - - 27.292 ms
GET /api/v1/user/list?userId=673e15380ce10815165584a2 304 - - 28.251 ms
OPTIONS /api/v1/user/list?userId=673e15380ce10815165584a2 200 0 - 0.149 ms
OPTIONS /api/v1/user/list?userId=673e15380ce10815165584a2 200 0 - 0.196 ms
GET /api/v1/user/list?userId=673e15380ce10815165584a2 304 - - 35.212 ms
GET /api/v1/user/list?userId=673e15380ce10815165584a2 304 - - 20.349 ms
OPTIONS /api/v1/user/list?userId=673e15380ce10815165584a2 200 0 - 0.132 ms
OPTIONS /api/v1/user/list?userId=673e15380ce10815165584a2 200 0 - 0.150 ms
GET /api/v1/user/list?userId=673e15380ce10815165584a2 304 - - 34.539 ms
GET /api/v1/user/list?userId=673e15380ce10815165584a2 304 - - 42.929 ms
GET /api/v1/post/all?userId=673d6930b66318bf5c41b195 400 49 - 12.638 ms
GET /api/v1/post/all?userId=673e15380ce10815165584a2 400 49 - 2.557 ms
GET /api/v1/post/all?userId=673e15380ce10815165584a2 400 49 - 2.065 ms
POST /api/v1/post/create?userId=673b9d864d632e6836eac659 400 38 - 3.273 ms
POST /api/v1/post/create?userId=6740a4862bf983d7e1c4b378 201 452 - 42.559 ms
OPTIONS /api/v1/post/create?userId=6740a4862bf983d7e1c4b378 200 0 - 0.115 ms
POST /api/v1/post/create?userId=6740a4862bf983d7e1c4b378 400 377 - 1.362 ms
GET /api/v1/post/create?userId=6740a4862bf983d7e1c4b378 404 157 - 2.082 ms
GET /api/v1/post/create?userId=6740a4862bf983d7e1c4b378 404 157 - 0.885 ms
GET /api/v1/post/create?userId=6740a4862bf983d7e1c4b378 404 157 - 0.484 ms
OPTIONS /api/v1/post/create?userId=6740a4862bf983d7e1c4b378 200 0 - 0.182 ms
POST /api/v1/post/create?userId=6740a4862bf983d7e1c4b378 400 265 - 1.299 ms
OPTIONS /api/v1/post/create?userId=6740a4862bf983d7e1c4b378 200 0 - 0.171 ms
POST /api/v1/post/create?userId=6740a4862bf983d7e1c4b378 400 265 - 1.565 ms
POST /api/v1/post/create?userId=6740a4862bf983d7e1c4b378 201 463 - 9.154 ms
OPTIONS /api/v1/post/create?userId=6740a4862bf983d7e1c4b378 200 0 - 0.137 ms
POST /api/v1/post/create?userId=6740a4862bf983d7e1c4b378 201 577 - 13.259 ms
POST /api/v1/user/login 200 224 - 127.339 ms
OPTIONS /api/v1/user/login 200 0 - 0.339 ms
POST /api/v1/user/login 400 28 - 119.629 ms
OPTIONS /api/v1/user/login 200 0 - 0.244 ms
POST /api/v1/user/login 200 224 - 110.291 ms
OPTIONS /api/v1/user/login 200 0 - 0.210 ms
POST /api/v1/user/login 200 224 - 118.766 ms
OPTIONS /api/v1/user/login 200 0 - 0.486 ms
POST /api/v1/user/login 200 224 - 105.080 ms
OPTIONS /api/v1/user/login 200 0 - 0.154 ms
POST /api/v1/user/login 200 224 - 111.287 ms
OPTIONS /api/v1/user/login 200 0 - 0.157 ms
POST /api/v1/user/login 200 224 - 123.347 ms
OPTIONS /api/v1/user/login 200 0 - 0.136 ms
POST /api/v1/user/login 200 224 - 125.529 ms
OPTIONS /api/v1/user/login 200 0 - 0.800 ms
POST /api/v1/user/login 200 224 - 111.515 ms
OPTIONS /api/v1/user/login 200 0 - 0.504 ms
POST /api/v1/user/login 200 224 - 113.291 ms
GET /api/v1/post/all?userId=673e15380ce10815165584a2 200 - - 31.162 ms
GET /api/v1/post/all?userId=673e15380ce10815165584a2 200 - - 3.346 ms
GET /api/v1/post/all 200 - - 3.196 ms
GET /api/v1/post/all 200 - - 10.831 ms
GET /api/v1/post/all 200 - - 3.901 ms
GET /api/v1/post/all 304 - - 10.444 ms
GET /api/v1/post/all 304 - - 8.640 ms
GET /api/v1/post/all 304 - - 6.591 ms
GET /api/v1/post/all 304 - - 15.471 ms
GET /api/v1/post/all 304 - - 10.528 ms
GET /api/v1/post/all 304 - - 10.529 ms
GET /api/v1/post/all 304 - - 4.245 ms
GET /api/v1/post/all 304 - - 5.969 ms
GET /api/v1/post/all 304 - - 5.301 ms
GET /api/v1/post/all 304 - - 5.220 ms
GET /api/v1/post/all 304 - - 10.511 ms
GET /api/v1/post/all 304 - - 6.602 ms
GET /api/v1/post/all 304 - - 11.664 ms
GET /api/v1/post/all 304 - - 8.220 ms
GET /api/v1/post/all 304 - - 19.758 ms
GET /api/v1/post/all 304 - - 20.232 ms
GET /api/v1/post/all 304 - - 25.478 ms
GET /api/v1/post/all 304 - - 6.754 ms
GET /api/v1/post/all 304 - - 6.898 ms
GET /api/v1/post/all 304 - - 5.529 ms
GET /api/v1/post/all 304 - - 6.558 ms
GET /api/v1/post/all 304 - - 6.956 ms
GET /api/v1/post/all 304 - - 11.131 ms
GET /api/v1/post/all 304 - - 8.177 ms
GET /api/v1/post/all 304 - - 9.569 ms
GET /api/v1/post/all 304 - - 10.467 ms
GET /api/v1/post/all 304 - - 5.455 ms
GET /api/v1/post/all 304 - - 3.399 ms
GET /api/v1/post/all 304 - - 10.072 ms
GET /api/v1/post/all 304 - - 9.033 ms
GET /api/v1/post/all 304 - - 24.422 ms
GET /api/v1/post/all 304 - - 27.597 ms
GET /api/v1/post/all 304 - - 15.275 ms
GET /api/v1/post/all 304 - - 11.443 ms
GET /api/v1/post/all 304 - - 3.003 ms
GET /api/v1/post/all 304 - - 3.940 ms
GET /api/v1/post/all 304 - - 11.623 ms
GET /api/v1/post/all 304 - - 12.832 ms
GET /api/v1/post/all 304 - - 14.258 ms
GET /api/v1/post/all 304 - - 9.380 ms
GET /api/v1/post/all 304 - - 10.618 ms
GET /api/v1/post/all 304 - - 5.861 ms
GET /api/v1/post/all 304 - - 5.884 ms
GET /api/v1/post/all 304 - - 7.230 ms
GET /api/v1/post/all 304 - - 13.170 ms
GET /api/v1/post/all 304 - - 13.894 ms
GET /api/v1/post/all 304 - - 11.925 ms
GET /api/v1/post/all 304 - - 8.566 ms
GET /api/v1/post/all 304 - - 9.441 ms
GET /api/v1/post/all 304 - - 6.492 ms
GET /api/v1/post/all 304 - - 8.188 ms
GET /api/v1/post/all 304 - - 7.801 ms
GET /api/v1/post/all 304 - - 14.784 ms
GET /api/v1/post/all 304 - - 8.230 ms
GET /api/v1/post/all 304 - - 6.667 ms
GET /api/v1/post/all 304 - - 8.948 ms
GET /api/v1/post/all 304 - - 8.139 ms
GET /api/v1/post/all 304 - - 5.851 ms
GET /api/v1/post/all 304 - - 7.903 ms
GET /api/v1/post/all 304 - - 5.688 ms
GET /api/v1/post/all 304 - - 6.555 ms
GET /api/v1/post/all 304 - - 3.423 ms
GET /api/v1/post/all 304 - - 9.066 ms
GET /api/v1/post/all 304 - - 4.594 ms
GET /api/v1/post/all 304 - - 6.459 ms
GET /api/v1/post/all 304 - - 10.575 ms
GET /api/v1/post/all 304 - - 7.350 ms
GET /api/v1/post/all 304 - - 4.481 ms
GET /api/v1/post/all 304 - - 8.145 ms
GET /api/v1/post/all 304 - - 8.587 ms
GET /api/v1/post/all 304 - - 7.606 ms
GET /api/v1/post/all 304 - - 5.169 ms
GET /api/v1/post/all 304 - - 11.792 ms
GET /api/v1/post/all 304 - - 12.311 ms
GET /api/v1/post/all 304 - - 4.910 ms
GET /api/v1/post/all 304 - - 6.215 ms
GET /api/v1/post/all 304 - - 12.193 ms
GET /api/v1/post/all 304 - - 11.200 ms
GET /api/v1/post/all 304 - - 7.451 ms
GET /api/v1/post/all 304 - - 7.033 ms
GET /api/v1/post/all 304 - - 21.752 ms
GET /api/v1/post/all 304 - - 16.462 ms
GET /api/v1/post/all 304 - - 16.390 ms
GET /api/v1/post/all 304 - - 24.656 ms
GET /api/v1/post/all 304 - - 37.391 ms
GET /api/v1/post/all 304 - - 8.409 ms
GET /api/v1/post/all 304 - - 15.295 ms
GET /api/v1/post/all 304 - - 11.630 ms
GET /api/v1/post/all 304 - - 11.256 ms
GET /api/v1/post/all 304 - - 16.872 ms
GET /api/v1/post/all 304 - - 11.844 ms
GET /api/v1/post/all 304 - - 3.857 ms
GET /api/v1/post/all 304 - - 7.938 ms
GET /api/v1/post/all 304 - - 11.532 ms
GET /api/v1/post/all 304 - - 10.465 ms
GET /api/v1/post/all 304 - - 3.247 ms
GET /api/v1/post/all 304 - - 8.128 ms
GET /api/v1/post/all 304 - - 9.654 ms
GET /api/v1/post/all 304 - - 12.850 ms
GET /api/v1/post/all 304 - - 6.630 ms
GET /api/v1/post/all 304 - - 13.711 ms
GET /api/v1/post/all 304 - - 7.033 ms
GET /api/v1/post/all 304 - - 6.787 ms
GET /api/v1/post/all 304 - - 8.497 ms
GET /api/v1/post/all 304 - - 3.217 ms
GET /api/v1/post/all 304 - - 5.323 ms
GET /api/v1/post/all 304 - - 7.146 ms
GET /api/v1/post/all 304 - - 9.775 ms
GET /api/v1/post/all 304 - - 16.619 ms
GET /api/v1/post/all 304 - - 16.188 ms
GET /api/v1/post/all 304 - - 13.413 ms
GET /api/v1/post/all 304 - - 6.374 ms
GET /api/v1/post/all 304 - - 3.445 ms
GET /api/v1/post/all 304 - - 10.335 ms
GET /api/v1/post/all 304 - - 6.098 ms
GET /api/v1/post/all 304 - - 10.277 ms
GET /api/v1/post/all 304 - - 13.034 ms
GET /api/v1/post/all 304 - - 19.796 ms
GET /api/v1/post/all 304 - - 19.095 ms
GET /api/v1/post/all 304 - - 10.797 ms
GET /api/v1/post/all 304 - - 6.253 ms
GET /api/v1/post/all 304 - - 4.261 ms
GET /api/v1/post/all 304 - - 10.217 ms
GET /api/v1/post/all 304 - - 9.438 ms
GET /api/v1/post/all 304 - - 9.957 ms
GET /api/v1/post/all 304 - - 11.610 ms
GET /api/v1/post/all 304 - - 15.903 ms
GET /api/v1/post/all 304 - - 4.554 ms
GET /api/v1/post/all 304 - - 9.540 ms
GET /api/v1/post/all 304 - - 4.429 ms
GET /api/v1/post/all 304 - - 3.215 ms
GET /api/v1/post/all 304 - - 2.829 ms
GET /api/v1/post/all 304 - - 7.579 ms
GET /api/v1/post/all 304 - - 14.699 ms
GET /api/v1/post/all 304 - - 22.208 ms
GET /api/v1/post/all 304 - - 10.093 ms
GET /api/v1/post/all 304 - - 2.680 ms
GET /api/v1/post/all 304 - - 3.223 ms
GET /api/v1/post/all 304 - - 3.953 ms
GET /api/v1/post/all 304 - - 4.590 ms
GET /api/v1/post/all 304 - - 3.350 ms
GET /api/v1/post/all 304 - - 7.337 ms
GET /api/v1/post/all 304 - - 12.579 ms
GET /api/v1/post/all 304 - - 4.780 ms
GET /api/v1/post/all 304 - - 4.826 ms
GET /api/v1/post/all 304 - - 3.261 ms
GET /api/v1/post/all 304 - - 3.240 ms
GET /api/v1/post/all 304 - - 3.153 ms
GET /api/v1/post/all 304 - - 3.193 ms
GET /api/v1/post/all 304 - - 5.925 ms
GET /api/v1/post/all 304 - - 3.848 ms
GET /api/v1/post/all 304 - - 3.693 ms
GET /api/v1/post/all 304 - - 3.979 ms
GET /api/v1/post/all 304 - - 2.654 ms
GET /api/v1/post/all 304 - - 4.672 ms
GET /api/v1/post/all 304 - - 11.636 ms
GET /api/v1/post/all 304 - - 7.626 ms
GET /api/v1/post/all 304 - - 10.575 ms
GET /api/v1/post/all 304 - - 6.829 ms
GET /api/v1/post/all 304 - - 18.325 ms
GET /api/v1/post/all 304 - - 16.928 ms
GET /api/v1/post/all 304 - - 4.549 ms
GET /api/v1/post/all 304 - - 15.556 ms
GET /api/v1/post/all 304 - - 12.848 ms
GET /api/v1/post/all 304 - - 15.691 ms
GET /api/v1/post/all 304 - - 6.270 ms
GET /api/v1/post/all 304 - - 3.097 ms
GET /api/v1/post/all 304 - - 5.659 ms
GET /api/v1/post/all 304 - - 8.152 ms
GET /api/v1/post/all 304 - - 3.866 ms
GET /api/v1/post/all 304 - - 10.923 ms
GET /api/v1/post/all 304 - - 15.648 ms
GET /api/v1/post/all 304 - - 7.450 ms
GET /api/v1/post/all 304 - - 3.248 ms
GET /api/v1/post/all 304 - - 13.905 ms
GET /api/v1/post/all 304 - - 10.541 ms
GET /api/v1/post/all 304 - - 14.930 ms
GET /api/v1/post/all 304 - - 6.778 ms
GET /api/v1/post/all 304 - - 7.262 ms
GET /api/v1/post/all 304 - - 5.362 ms
GET /api/v1/post/all 304 - - 5.086 ms
GET /api/v1/post/all 304 - - 5.115 ms
GET /api/v1/post/all 304 - - 7.367 ms
GET /api/v1/post/all 304 - - 16.822 ms
GET /api/v1/post/all 304 - - 15.122 ms
GET /api/v1/post/all 304 - - 20.066 ms
GET /api/v1/post/all 304 - - 8.951 ms
GET /api/v1/post/all 304 - - 13.002 ms
GET /api/v1/post/all 304 - - 20.374 ms
GET /api/v1/post/all 304 - - 11.685 ms
GET /api/v1/post/all 304 - - 2.945 ms
GET /api/v1/post/all 304 - - 11.666 ms
GET /api/v1/post/all 304 - - 10.998 ms
GET /api/v1/post/all 304 - - 20.686 ms
GET /api/v1/post/all 304 - - 14.053 ms
GET /api/v1/post/all 304 - - 7.488 ms
GET /api/v1/post/all 304 - - 8.442 ms
GET /api/v1/post/all 304 - - 5.701 ms
GET /api/v1/post/all 304 - - 16.654 ms
GET /api/v1/post/all 304 - - 11.945 ms
GET /api/v1/post/all 304 - - 4.965 ms
GET /api/v1/post/all 304 - - 16.280 ms
GET /api/v1/post/all 304 - - 15.810 ms
GET /api/v1/post/all 304 - - 3.480 ms
GET /api/v1/post/all 304 - - 14.576 ms
GET /api/v1/post/all 304 - - 2.585 ms
GET /api/v1/post/all 304 - - 14.872 ms
GET /api/v1/post/all 304 - - 16.480 ms
GET /api/v1/post/all 304 - - 10.568 ms
GET /api/v1/post/all 304 - - 8.946 ms
GET /api/v1/post/all 304 - - 14.854 ms
GET /api/v1/post/all 304 - - 10.493 ms
GET /api/v1/post/all 304 - - 17.361 ms
GET /api/v1/post/all 304 - - 8.617 ms
GET /api/v1/post/all 304 - - 10.179 ms
GET /api/v1/post/all 304 - - 19.057 ms
GET /api/v1/post/all 304 - - 12.981 ms
GET /api/v1/post/all 304 - - 8.326 ms
GET /api/v1/post/details?postId=6756df947a22adc9627728c8 200 380 - 4.936 ms
GET /api/v1/post/all 304 - - 3.663 ms
GET /api/v1/post/all 304 - - 6.324 ms
GET /api/v1/post/all 304 - - 5.207 ms
GET /api/v1/post/all 304 - - 3.598 ms
GET /api/v1/post/all 304 - - 3.432 ms
GET /api/v1/post/all 304 - - 12.157 ms
OPTIONS /api/v1/post/details?postId=[object%20Object] 200 0 - 0.147 ms
GET /api/v1/post/details?postId=[object%20Object] 400 118 - 1.483 ms
GET /api/v1/post/details?postId=[object%20Object] 400 118 - 0.817 ms
GET /api/v1/post/details?postId=[object%20Object] 400 118 - 2.787 ms
GET /api/v1/post/details?postId=[object%20Object] 400 118 - 1.773 ms
GET /api/v1/post/all 304 - - 2.804 ms
GET /api/v1/post/all 304 - - 6.411 ms
OPTIONS /api/v1/post/details?postId=[object%20Object] 200 0 - 0.182 ms
GET /api/v1/post/details?postId=[object%20Object] 400 118 - 0.920 ms
GET /api/v1/post/details?postId=[object%20Object] 400 118 - 2.292 ms
OPTIONS /api/v1/post/details?postId=[object%20Object] 200 0 - 0.163 ms
GET /api/v1/post/details?postId=[object%20Object] 400 118 - 1.175 ms
GET /api/v1/post/all 304 - - 3.975 ms
GET /api/v1/post/all 304 - - 7.295 ms
GET /api/v1/post/details?postId=[object%20Object] 400 118 - 2.141 ms
GET /api/v1/post/details?postId=[object%20Object] 400 118 - 1.755 ms
OPTIONS /api/v1/post/details?postId=[object%20Object] 200 0 - 0.344 ms
OPTIONS /api/v1/post/details?postId=[object%20Object] 200 0 - 0.161 ms
GET /api/v1/post/details?postId=[object%20Object] 400 118 - 1.467 ms
GET /api/v1/post/details?postId=[object%20Object] 400 118 - 2.225 ms
OPTIONS /api/v1/post/details?postId=[object%20Object] 200 0 - 0.171 ms
OPTIONS /api/v1/post/details?postId=[object%20Object] 200 0 - 0.226 ms
GET /api/v1/post/details?postId=[object%20Object] 400 118 - 1.698 ms
GET /api/v1/post/details?postId=[object%20Object] 400 118 - 0.784 ms
OPTIONS /api/v1/post/details?postId=6756dc247a22adc9627728be 200 0 - 0.150 ms
GET /api/v1/post/details?postId=6756dc247a22adc9627728be 200 258 - 16.987 ms
GET /api/v1/post/details?postId=6756dc247a22adc9627728be 304 - - 7.185 ms
GET /api/v1/post/details?postId=6756dc247a22adc9627728be 304 - - 7.907 ms
GET /api/v1/post/all 304 - - 10.820 ms
GET /api/v1/post/all 304 - - 11.522 ms
OPTIONS /api/v1/post/details?postId=6756dc247a22adc9627728be 200 0 - 0.282 ms
OPTIONS /api/v1/post/details?postId=6756dc247a22adc9627728be 200 0 - 0.191 ms
GET /api/v1/post/details?postId=6756dc247a22adc9627728be 304 - - 7.756 ms
GET /api/v1/post/details?postId=6756dc247a22adc9627728be 304 - - 3.311 ms
OPTIONS /api/v1/post/details?postId=6756dc247a22adc9627728be 200 0 - 0.155 ms
OPTIONS /api/v1/post/details?postId=6756dc247a22adc9627728be 200 0 - 0.156 ms
GET /api/v1/post/details?postId=6756dc247a22adc9627728be 304 - - 8.945 ms
GET /api/v1/post/details?postId=6756dc247a22adc9627728be 304 - - 6.333 ms
GET /api/v1/post/details?postId=6756dc247a22adc9627728be 304 - - 3.265 ms
OPTIONS /api/v1/post/details?postId=6756dc247a22adc9627728be 200 0 - 0.182 ms
GET /api/v1/post/details?postId=6756dc247a22adc9627728be 304 - - 11.106 ms
GET /api/v1/post/details?postId=6756dc247a22adc9627728be 304 - - 7.432 ms
GET /api/v1/post/details?postId=6756dc247a22adc9627728be 304 - - 4.322 ms
OPTIONS /api/v1/post/details?postId=6756dc247a22adc9627728be 200 0 - 0.121 ms
GET /api/v1/post/details?postId=6756dc247a22adc9627728be 304 - - 2.993 ms
GET /api/v1/post/details?postId=6756dc247a22adc9627728be 304 - - 3.741 ms
OPTIONS /api/v1/post/details?postId=6756dc247a22adc9627728be 200 0 - 0.132 ms
GET /api/v1/post/details?postId=6756dc247a22adc9627728be 304 - - 11.154 ms
OPTIONS /api/v1/post/details?postId=6756dc247a22adc9627728be 200 0 - 0.410 ms
GET /api/v1/post/details?postId=6756dc247a22adc9627728be 304 - - 6.297 ms
OPTIONS /api/v1/post/details?postId=6756dc247a22adc9627728be 200 0 - 0.199 ms
GET /api/v1/post/details?postId=6756dc247a22adc9627728be 304 - - 7.727 ms
GET /api/v1/post/details?postId=6756dc247a22adc9627728be 304 - - 7.781 ms
OPTIONS /api/v1/post/details?postId=6756dc247a22adc9627728be 200 0 - 4.919 ms
OPTIONS /api/v1/post/details?postId=6756dc247a22adc9627728be 200 0 - 0.210 ms
GET /api/v1/post/details?postId=6756dc247a22adc9627728be 200 294 - 46.031 ms
GET /api/v1/post/details?postId=6756dc247a22adc9627728be 304 - - 23.706 ms
OPTIONS /api/v1/post/details?postId=6756dc247a22adc9627728be 200 0 - 0.215 ms
GET /api/v1/post/details?postId=6756dc247a22adc9627728be 304 - - 10.109 ms
GET /api/v1/post/details?postId=6756dc247a22adc9627728be 304 - - 12.796 ms
OPTIONS /api/v1/post/details?postId=6756dc247a22adc9627728be 200 0 - 0.164 ms
GET /api/v1/post/details?postId=6756dc247a22adc9627728be 304 - - 9.637 ms
GET /api/v1/post/details?postId=6756dc247a22adc9627728be 304 - - 7.828 ms
GET /api/v1/post/details?postId=6756dc247a22adc9627728be 304 - - 7.967 ms
OPTIONS /api/v1/post/details?postId=6756dc247a22adc9627728be 200 0 - 0.195 ms
GET /api/v1/post/details?postId=6756dc247a22adc9627728be 304 - - 4.375 ms
GET /api/v1/post/details?postId=6756dc247a22adc9627728be 304 - - 4.731 ms
OPTIONS /api/v1/post/details?postId=6756dc247a22adc9627728be 200 0 - 0.160 ms
GET /api/v1/post/details?postId=6756dc247a22adc9627728be 304 - - 6.268 ms
GET /api/v1/post/details?postId=6756dc247a22adc9627728be 304 - - 4.446 ms
OPTIONS /api/v1/post/details?postId=6756dc247a22adc9627728be 200 0 - 5.472 ms
GET /api/v1/post/details?postId=6756dc247a22adc9627728be 304 - - 40.399 ms
GET /api/v1/post/details?postId=6756dc247a22adc9627728be 304 - - 10.708 ms
GET /api/v1/post/all 304 - - 6.021 ms
GET /api/v1/post/all 304 - - 17.676 ms
OPTIONS /api/v1/post/details?postId=6756df947a22adc9627728c8 200 0 - 0.232 ms
OPTIONS /api/v1/post/details?postId=6756df947a22adc9627728c8 200 0 - 0.188 ms
GET /api/v1/post/details?postId=6756df947a22adc9627728c8 200 419 - 7.943 ms
GET /api/v1/post/details?postId=6756df947a22adc9627728c8 304 - - 11.346 ms
GET /api/v1/post/all 304 - - 7.848 ms
GET /api/v1/post/all 304 - - 14.109 ms
GET /api/v1/post/all 304 - - 12.460 ms
GET /api/v1/post/all 304 - - 8.567 ms
GET /api/v1/post/all 304 - - 4.744 ms
GET /api/v1/post/all 304 - - 6.224 ms
GET /api/v1/post/all 304 - - 5.077 ms
GET /api/v1/post/all 304 - - 6.562 ms
GET /api/v1/post/all 304 - - 4.476 ms
GET /api/v1/post/all 304 - - 5.144 ms
GET /api/v1/post/all 304 - - 9.950 ms
GET /api/v1/post/all 304 - - 17.008 ms
GET /api/v1/post/all 304 - - 9.261 ms
GET /api/v1/post/all 304 - - 7.311 ms
GET /api/v1/post/all 304 - - 6.798 ms
GET /api/v1/post/all 304 - - 6.977 ms
GET /api/v1/post/all 304 - - 7.093 ms
GET /api/v1/post/all 304 - - 13.013 ms
GET /api/v1/post/all 304 - - 6.609 ms
GET /api/v1/post/all 304 - - 3.470 ms
GET /api/v1/post/all 304 - - 7.820 ms
GET /api/v1/post/all 304 - - 10.261 ms
GET /api/v1/post/all 304 - - 5.003 ms
GET /api/v1/post/all 304 - - 5.059 ms
GET /api/v1/post/all 304 - - 6.654 ms
GET /api/v1/post/all 304 - - 8.840 ms
GET /api/v1/post/all 304 - - 5.307 ms
GET /api/v1/post/all 304 - - 9.000 ms
GET /api/v1/post/all 304 - - 8.117 ms
GET /api/v1/post/all 304 - - 6.467 ms
GET /api/v1/post/all 304 - - 13.980 ms
GET /api/v1/post/all 304 - - 9.302 ms
GET /api/v1/post/all 304 - - 11.141 ms
GET /api/v1/post/all 304 - - 10.493 ms
GET /api/v1/post/all 304 - - 14.467 ms
GET /api/v1/post/all 304 - - 7.023 ms
GET /api/v1/post/all 304 - - 26.330 ms
GET /api/v1/post/all 304 - - 21.326 ms
GET /api/v1/post/all 304 - - 5.284 ms
GET /api/v1/post/all 304 - - 4.327 ms
GET /api/v1/post/all 304 - - 18.098 ms
GET /api/v1/post/all 304 - - 6.126 ms
GET /api/v1/post/all 304 - - 8.459 ms
GET /api/v1/post/all 304 - - 5.198 ms
GET /api/v1/post/all 304 - - 3.079 ms
GET /api/v1/post/all 304 - - 4.344 ms
GET /api/v1/post/all 304 - - 3.832 ms
GET /api/v1/post/all 304 - - 3.515 ms
GET /api/v1/post/all 304 - - 6.904 ms
GET /api/v1/post/all 304 - - 6.903 ms
GET /api/v1/post/all 304 - - 7.579 ms
GET /api/v1/post/all 304 - - 10.649 ms
GET /api/v1/post/all 304 - - 3.743 ms
GET /api/v1/post/all 304 - - 3.927 ms
GET /api/v1/post/all 304 - - 5.734 ms
GET /api/v1/post/all 304 - - 13.083 ms
GET /api/v1/post/all 304 - - 7.591 ms
GET /api/v1/post/all 304 - - 9.320 ms
GET /api/v1/post/all 304 - - 9.251 ms
GET /api/v1/post/all 304 - - 12.896 ms
GET /api/v1/post/all 304 - - 5.416 ms
GET /api/v1/post/all 304 - - 5.111 ms
GET /api/v1/post/all 304 - - 7.058 ms
GET /api/v1/post/all 304 - - 3.498 ms
GET /api/v1/post/all 304 - - 3.586 ms
GET /api/v1/post/all 304 - - 6.353 ms
GET /api/v1/post/all 304 - - 6.519 ms
GET /api/v1/post/all 304 - - 5.646 ms
GET /api/v1/post/all 304 - - 14.905 ms
GET /api/v1/post/all 304 - - 14.404 ms
GET /api/v1/post/all 304 - - 5.861 ms
GET /api/v1/post/all 304 - - 5.108 ms
GET /api/v1/post/all 304 - - 5.599 ms
GET /api/v1/post/all 304 - - 5.295 ms
GET /api/v1/post/all 304 - - 5.126 ms
GET /api/v1/post/all 304 - - 4.406 ms
OPTIONS /api/v1/post/details?postId=6756df947a22adc9627728c8 200 0 - 0.139 ms
GET /api/v1/post/details?postId=6756df947a22adc9627728c8 304 - - 10.117 ms
GET /api/v1/post/details?postId=6756df947a22adc9627728c8 304 - - 15.251 ms
OPTIONS /api/v1/post/details?postId=6756df947a22adc9627728c8 200 0 - 0.161 ms
GET /api/v1/post/details?postId=6756df947a22adc9627728c8 304 - - 9.439 ms
GET /api/v1/post/details?postId=6756df947a22adc9627728c8 304 - - 2.766 ms
OPTIONS /api/v1/post/create?userId=6740a4862bf983d7e1c4b378 200 0 - 0.191 ms
POST /api/v1/post/create?userId=6740a4862bf983d7e1c4b378 400 173 - 2.642 ms
GET /api/v1/post/all 304 - - 3.118 ms
GET /api/v1/post/all 304 - - 6.511 ms
OPTIONS /api/v1/post/create?userId=6740a4862bf983d7e1c4b378 200 0 - 0.202 ms
POST /api/v1/post/create?userId=6740a4862bf983d7e1c4b378 201 903 - 45.209 ms
GET /api/v1/post/all 200 - - 4.231 ms
GET /api/v1/post/all 304 - - 15.140 ms
OPTIONS /api/v1/post/details?postId=67570d8dcf8537fec945979f 200 0 - 0.185 ms
OPTIONS /api/v1/post/details?postId=67570d8dcf8537fec945979f 200 0 - 0.159 ms
GET /api/v1/post/details?postId=67570d8dcf8537fec945979f 200 745 - 15.311 ms
GET /api/v1/post/details?postId=67570d8dcf8537fec945979f 304 - - 3.854 ms
GET /api/v1/post/all 304 - - 3.246 ms
GET /api/v1/post/all 304 - - 14.501 ms
OPTIONS /api/v1/post/details?postId=67570d8dcf8537fec945979f 200 0 - 0.172 ms
GET /api/v1/post/details?postId=67570d8dcf8537fec945979f 304 - - 9.320 ms
GET /api/v1/post/details?postId=67570d8dcf8537fec945979f 304 - - 10.848 ms
GET /api/v1/post/all 304 - - 3.942 ms
GET /api/v1/post/all 304 - - 4.846 ms
OPTIONS /api/v1/post/details?postId=67570d8dcf8537fec945979f 200 0 - 1.697 ms
GET /api/v1/post/details?postId=67570d8dcf8537fec945979f 304 - - 4.397 ms
GET /api/v1/post/details?postId=67570d8dcf8537fec945979f 304 - - 19.061 ms
GET /api/v1/post/all 304 - - 3.178 ms
GET /api/v1/post/all 304 - - 9.111 ms
OPTIONS /api/v1/post/details?postId=67570d8dcf8537fec945979f 200 0 - 0.144 ms
GET /api/v1/post/details?postId=67570d8dcf8537fec945979f 304 - - 2.781 ms
GET /api/v1/post/details?postId=67570d8dcf8537fec945979f 304 - - 14.522 ms
GET /api/v1/post/all 304 - - 9.698 ms
GET /api/v1/post/all 304 - - 8.416 ms
OPTIONS /api/v1/post/details?postId=67570d8dcf8537fec945979f 200 0 - 0.151 ms
GET /api/v1/post/details?postId=67570d8dcf8537fec945979f 304 - - 5.539 ms
GET /api/v1/post/details?postId=67570d8dcf8537fec945979f 304 - - 14.740 ms
GET /api/v1/post/all 304 - - 4.175 ms
GET /api/v1/post/all 304 - - 3.935 ms
OPTIONS /api/v1/post/details?postId=6756dead7a22adc9627728c3 200 0 - 0.182 ms
GET /api/v1/post/details?postId=6756dead7a22adc9627728c3 200 305 - 16.685 ms
GET /api/v1/post/details?postId=6756dead7a22adc9627728c3 304 - - 11.321 ms
GET /api/v1/post/all 304 - - 7.567 ms
GET /api/v1/post/all 304 - - 13.334 ms
OPTIONS /api/v1/post/details?postId=67570d8dcf8537fec945979f 200 0 - 0.186 ms
GET /api/v1/post/details?postId=67570d8dcf8537fec945979f 304 - - 6.675 ms
GET /api/v1/post/details?postId=67570d8dcf8537fec945979f 304 - - 8.511 ms
GET /api/v1/post/all 304 - - 8.395 ms
GET /api/v1/post/all 304 - - 5.079 ms
GET /api/v1/post/all 304 - - 6.199 ms
GET /api/v1/post/all 304 - - 3.445 ms
GET /api/v1/post/all 304 - - 12.416 ms
GET /api/v1/post/all 304 - - 5.331 ms
GET /api/v1/post/all 304 - - 12.977 ms
GET /api/v1/post/all 304 - - 4.100 ms
GET /api/v1/post/all 304 - - 5.984 ms
GET /api/v1/post/all 304 - - 6.998 ms
GET /api/v1/post/all 304 - - 4.230 ms
GET /api/v1/post/all 304 - - 3.273 ms
GET /api/v1/post/all 304 - - 3.861 ms
GET /api/v1/post/all 304 - - 5.731 ms
GET /api/v1/post/all 304 - - 3.694 ms
PATCH /api/v1/post/alter/title?userId=6740a4862bf983d7e1c4b378&postId=6756df947a22adc9627728c8 404 66 - 28.401 ms
PATCH /api/v1/post/alter/title?userId=6740a4862bf983d7e1c4b378&postId=6756dc247a22adc9627728be 404 66 - 7.141 ms
PATCH /api/v1/post/alter/title?userId=6740a4862bf983d7e1c4b378&postId=6756dc247a22adc9627728be 404 66 - 19.602 ms
PATCH /api/v1/post/alter/title?userId=6740a4862bf983d7e1c4b378&postId=6756dc247a22adc9627728be 200 37 - 33.727 ms
GET /api/v1/post/all 200 - - 22.803 ms
GET /api/v1/post/all 304 - - 4.484 ms
GET /api/v1/post/all 200 - - 10.435 ms
GET /api/v1/post/all 200 - - 10.948 ms
GET /api/v1/post/all 200 - - 6.201 ms
GET /api/v1/post/all 304 - - 6.494 ms
GET /api/v1/post/all 304 - - 18.950 ms
GET /api/v1/post/all 304 - - 25.744 ms
GET /api/v1/post/all 304 - - 8.405 ms
GET /api/v1/post/all 304 - - 3.773 ms
GET /api/v1/post/all 304 - - 6.660 ms
GET /api/v1/post/all 304 - - 5.420 ms
GET /api/v1/post/all 304 - - 4.140 ms
OPTIONS /api/v1/post/create?userId=6740a4862bf983d7e1c4b378 200 0 - 0.354 ms
POST /api/v1/post/create?userId=6740a4862bf983d7e1c4b378 400 306 - 17.576 ms
OPTIONS /api/v1/post/create?userId=6740a4862bf983d7e1c4b378 200 0 - 0.485 ms
POST /api/v1/post/create?userId=6740a4862bf983d7e1c4b378 400 306 - 2.428 ms
OPTIONS /api/v1/post/create?userId=6740a4862bf983d7e1c4b378 200 0 - 0.216 ms
POST /api/v1/post/create?userId=6740a4862bf983d7e1c4b378 400 263 - 1.713 ms
OPTIONS /api/v1/post/create?userId=6740a4862bf983d7e1c4b378 200 0 - 0.203 ms
POST /api/v1/post/create?userId=6740a4862bf983d7e1c4b378 400 263 - 1.761 ms
OPTIONS /api/v1/post/create?userId=6740a4862bf983d7e1c4b378 200 0 - 0.175 ms
POST /api/v1/post/create?userId=6740a4862bf983d7e1c4b378 201 551 - 28.064 ms
GET /api/v1/post/all 200 - - 13.854 ms
GET /api/v1/post/all 304 - - 28.979 ms
GET /api/v1/post/all 304 - - 10.756 ms
GET /api/v1/post/all 304 - - 6.899 ms
GET /api/v1/post/all 304 - - 3.278 ms
GET /api/v1/post/all 304 - - 7.383 ms
GET /api/v1/post/all 304 - - 4.031 ms
GET /api/v1/post/all 304 - - 9.619 ms
GET /api/v1/post/all 304 - - 4.441 ms
GET /api/v1/post/all 304 - - 13.877 ms
GET /api/v1/post/all 304 - - 15.055 ms
GET /api/v1/post/all 304 - - 16.468 ms
GET /api/v1/post/all 304 - - 24.743 ms
GET /api/v1/post/all 304 - - 5.651 ms
GET /api/v1/post/all 304 - - 5.759 ms
GET /api/v1/post/all 304 - - 6.849 ms
OPTIONS /api/v1/post/details?postId=67571e617da06c4bfc35d622 200 0 - 5.563 ms
GET /api/v1/post/details?postId=67571e617da06c4bfc35d622 200 380 - 35.649 ms
GET /api/v1/post/details?postId=67571e617da06c4bfc35d622 304 - - 23.809 ms
OPTIONS /api/v1/post/details?postId=67571e617da06c4bfc35d62 200 0 - 0.159 ms
OPTIONS /api/v1/post/details?postId=67571e617da06c4bfc35d62 200 0 - 0.185 ms
GET /api/v1/post/details?postId=67571e617da06c4bfc35d62 400 126 - 5.518 ms
GET /api/v1/post/details?postId=67571e617da06c4bfc35d62 400 126 - 6.633 ms
GET /api/v1/post/all 304 - - 11.315 ms
GET /api/v1/post/all 304 - - 13.776 ms
GET /api/v1/post/all 304 - - 18.138 ms
GET /api/v1/post/all 304 - - 11.120 ms
